\BOOKMARK [1][-]{section.1}{\376\377\000I\000n\000t\000r\000o\000d\000u\000c\000c\000i\000\363\000n}{}% 1
\BOOKMARK [1][-]{section.2}{\376\377\000A\000r\000q\000u\000i\000t\000e\000c\000t\000u\000r\000a\000\040\000d\000e\000\040\000l\000a\000\040\000a\000p\000p}{}% 2
\BOOKMARK [2][-]{subsection.2.1}{\376\377\000D\000i\000a\000g\000r\000a\000m\000a\000\040\000d\000e\000\040\000f\000l\000u\000j\000o}{section.2}% 3
\BOOKMARK [2][-]{subsection.2.2}{\376\377\000D\000i\000a\000g\000r\000a\000m\000a\000\040\000d\000e\000\040\000c\000a\000s\000o\000s\000\040\000d\000e\000\040\000u\000s\000o}{section.2}% 4
\BOOKMARK [2][-]{subsection.2.3}{\376\377\000E\000s\000p\000e\000c\000i\000f\000i\000c\000a\000c\000i\000o\000n\000e\000s\000\040\000T\000\351\000c\000n\000i\000c\000a\000s}{section.2}% 5
\BOOKMARK [1][-]{section.3}{\376\377\000A\000P\000P\000\040\000M\000\363\000v\000i\000l}{}% 6
\BOOKMARK [2][-]{subsection.3.1}{\376\377\000I\000m\000\341\000g\000e\000n\000e\000s\000\040\000d\000e\000\040\000l\000a\000\040\000a\000p\000p}{section.3}% 7
\BOOKMARK [1][-]{section.4}{\376\377\000A\000P\000P\000\040\000E\000s\000c\000r\000i\000t\000o\000r\000i\000o}{}% 8
\BOOKMARK [2][-]{subsection.4.1}{\376\377\000I\000n\000i\000c\000i\000o\000\040\000a\000p\000p}{section.4}% 9
\BOOKMARK [2][-]{subsection.4.2}{\376\377\000C\000o\000n\000t\000r\000o\000l\000\040\000d\000e\000\040\000m\000e\000s\000a\000s\000.\000\040\000C\000A\000S\000O\000\040\0001\000:\000\040\000T\000o\000d\000a\000s\000\040\000l\000a\000s\000\040\000m\000e\000s\000a\000s\000\040\000l\000i\000b\000r\000e\000s}{section.4}% 10
\BOOKMARK [2][-]{subsection.4.3}{\376\377\000C\000o\000n\000t\000r\000o\000l\000\040\000d\000e\000\040\000m\000e\000s\000a\000s\000.\000\040\000C\000A\000S\000O\000\040\0002\000:\000\040\000M\000e\000s\000a\000s\000\040\000o\000c\000u\000p\000a\000d\000a\000s}{section.4}% 11
\BOOKMARK [1][-]{section.5}{\376\377\000A\000P\000I\000\040\000R\000e\000s\000t}{}% 12
\BOOKMARK [2][-]{subsection.5.1}{\376\377\000F\000l\000u\000j\000o\000\040\000d\000e\000\040\000l\000a\000\040\000A\000P\000I\000\040\000c\000o\000n\000\040\000l\000a\000s\000\040\000A\000P\000P\000s}{section.5}% 13
\BOOKMARK [2][-]{subsection.5.2}{\376\377\000C\000o\000m\000p\000o\000n\000e\000n\000t\000e\000s}{section.5}% 14
\BOOKMARK [3][-]{subsubsection.5.2.1}{\376\377\000m\000o\000d\000e\000l\000s\000/}{subsection.5.2}% 15
\BOOKMARK [3][-]{subsubsection.5.2.2}{\376\377\000n\000o\000d\000e\000\137\000m\000o\000d\000u\000l\000e\000s\000/}{subsection.5.2}% 16
\BOOKMARK [3][-]{subsubsection.5.2.3}{\376\377\000E\000n\000d\000p\000o\000i\000n\000t\000s}{subsection.5.2}% 17
\BOOKMARK [2][-]{subsection.5.3}{\376\377\000B\000a\000s\000e\000\040\000d\000e\000\040\000D\000a\000t\000o\000s}{section.5}% 18
\BOOKMARK [3][-]{subsubsection.5.3.1}{\376\377\000C\000o\000l\000e\000c\000c\000i\000o\000n\000e\000s}{subsection.5.3}% 19
\BOOKMARK [3][-]{subsubsection.5.3.2}{\376\377\000E\000s\000t\000r\000u\000c\000t\000u\000r\000a\000\040\000d\000e\000\040\000c\000o\000l\000e\000c\000c\000i\000o\000n\000e\000s}{subsection.5.3}% 20
\BOOKMARK [1][-]{section.6}{\376\377\000F\000u\000t\000u\000r\000a\000s\000\040\000m\000e\000j\000o\000r\000a\000s}{}% 21
\BOOKMARK [1][-]{section.7}{\376\377\000P\000r\000o\000b\000l\000e\000m\000a\000s\000\040\000e\000n\000c\000o\000n\000t\000r\000a\000d\000o\000s}{}% 22
\BOOKMARK [2][-]{subsection.7.1}{\376\377\000M\000e\000s\000a\000s\000\040\000o\000c\000u\000p\000a\000d\000a\000s\000\040\000p\000e\000r\000m\000a\000n\000e\000n\000t\000e\000s}{section.7}% 23
\BOOKMARK [2][-]{subsection.7.2}{\376\377\000C\000o\000n\000e\000x\000i\000\363\000n\000\040\000e\000n\000t\000r\000e\000\040\000l\000a\000s\000\040\000A\000P\000P\000s\000\040\000y\000\040\000l\000a\000\040\000A\000P\000I}{section.7}% 24
\BOOKMARK [2][-]{subsection.7.3}{\376\377\000C\000a\000l\000l\000s}{section.7}% 25
\BOOKMARK [2][-]{subsection.7.4}{\376\377\000O\000r\000g\000a\000n\000i\000z\000a\000c\000i\000\363\000n\000\040\000i\000n\000i\000c\000i\000a\000l}{section.7}% 26
\BOOKMARK [2][-]{subsection.7.5}{\376\377\000D\000e\000s\000a\000r\000r\000o\000l\000l\000o\000\040\000d\000e\000\040\000f\000r\000o\000n\000t\000e\000n\000d}{section.7}% 27
\BOOKMARK [2][-]{subsection.7.6}{\376\377\000P\000a\000c\000k\000a\000g\000e\000\040\000b\000a\000b\000e\000l\000\040\000E\000r\000r\000o\000r\000:\000\040\000U\000n\000k\000n\000o\000w\000n\000\040\000o\000p\000t\000i\000o\000n\000\040\000'\000s\000p\000a\000n\000i\000s\000h\000'}{section.7}% 28
\BOOKMARK [1][-]{section.8}{\376\377\000C\000o\000n\000c\000l\000u\000s\000i\000\363\000n}{}% 29
\BOOKMARK [1][-]{section.9}{\376\377\000B\000i\000b\000l\000i\000o\000g\000r\000a\000f\000\355\000a}{}% 30
